<?xml version="1.0" encoding="UTF-8"?>
<!-- Generated by org.testng.reporters.JUnitReportReporter -->
<testsuite skipped="0" hostname="TerraLinux" name="Parameterization.TestParameterization" tests="3" failures="0" timestamp="09 Apr 2019 06:18:06 GMT" time="0.017" errors="0">
  <testcase name="doLogin" time="0.013" classname="Parameterization.TestParameterization"/>
  <testcase name="doLogin" time="0.002" classname="Parameterization.TestParameterization"/>
  <testcase name="doLogin" time="0.002" classname="Parameterization.TestParameterization"/>
</testsuite> <!-- Parameterization.TestParameterization -->
