<?xml version="1.0" encoding="UTF-8"?>
<!-- Generated by org.testng.reporters.JUnitReportReporter -->
<testsuite skipped="0" hostname="TerraLinux" name="Testcases.TestCase1" tests="2" failures="0" timestamp="09 Apr 2019 09:05:45 GMT" time="0.012" errors="0">
  <testcase name="doUserRegistration" time="0.009" classname="Testcases.TestCase1"/>
  <testcase name="doLogin" time="0.003" classname="Testcases.TestCase1"/>
</testsuite> <!-- Testcases.TestCase1 -->
