<?xml version="1.0" encoding="UTF-8"?>
<!-- Generated by org.testng.reporters.JUnitReportReporter -->
<testsuite skipped="0" hostname="TerraLinux" name="Parameterization.DataProvides" tests="2" failures="0" timestamp="09 Apr 2019 07:14:02 GMT" time="0.017" errors="0">
  <testcase name="testData" time="0.015" classname="Parameterization.DataProvides"/>
  <testcase name="testData" time="0.002" classname="Parameterization.DataProvides"/>
</testsuite> <!-- Parameterization.DataProvides -->
