<?xml version="1.0" encoding="UTF-8"?>
<!-- Generated by org.testng.reporters.JUnitReportReporter -->
<testsuite skipped="0" hostname="TerraLinux" name="testcases.SelendroidHomeScreenValidationTest" tests="1" failures="0" timestamp="22 Apr 2019 04:42:39 GMT" time="8.074" errors="0">
  <testcase name="validateHomeScreenTest" time="8.074" classname="testcases.SelendroidHomeScreenValidationTest"/>
</testsuite> <!-- testcases.SelendroidHomeScreenValidationTest -->
