<?xml version="1.0" encoding="UTF-8"?>
<!-- Generated by org.testng.reporters.JUnitReportReporter -->
<testsuite skipped="1" hostname="TerraLinux" name="Testcases.SkipTest" tests="1" failures="0" timestamp="07 Apr 2019 16:05:29 GMT" time="0.019" errors="0">
  <testcase name="isSkip" time="0.019" classname="Testcases.SkipTest">
    <skipped/>
  </testcase> <!-- isSkip -->
</testsuite> <!-- Testcases.SkipTest -->
