<?xml version="1.0" encoding="UTF-8"?>
<!-- Generated by org.testng.reporters.JUnitReportReporter -->
<testsuite skipped="0" hostname="TerraLinux" name="Parameterization.NewTestLogin" tests="4" failures="0" timestamp="09 Apr 2019 07:39:42 GMT" time="0.023" errors="0">
  <testcase name="testRegistration" time="0.003" classname="Parameterization.NewTestLogin"/>
  <testcase name="testLogin" time="0.016" classname="Parameterization.NewTestLogin"/>
  <testcase name="testLogin" time="0.002" classname="Parameterization.NewTestLogin"/>
  <testcase name="testRegistration" time="0.002" classname="Parameterization.NewTestLogin"/>
</testsuite> <!-- Parameterization.NewTestLogin -->
