<?xml version="1.0" encoding="UTF-8"?>
<!-- Generated by org.testng.reporters.JUnitReportReporter -->
<testsuite skipped="0" hostname="TerraLinux" name="Parameterization.TestParametersFromXML" tests="2" failures="0" timestamp="09 Apr 2019 08:52:22 GMT" time="0.016" errors="0">
  <testcase name="getBrowser" time="0.012" classname="Parameterization.TestParametersFromXML"/>
  <testcase name="getBrowser" time="0.004" classname="Parameterization.TestParametersFromXML"/>
</testsuite> <!-- Parameterization.TestParametersFromXML -->
